<?xml version="1.0" encoding="UTF-8"?>
<testsuite name="ohgiraffers.section01.entitymanager.EntityMangerGeneratorTest" tests="1" skipped="0" failures="0" errors="0" timestamp="2025-01-07T01:44:19" hostname="DESKTOP-88G1EGM" time="1.321">
  <properties/>
  <testcase name="엔티티 매니저 팩토리 생성 확인하기" classname="ohgiraffers.section01.entitymanager.EntityMangerGeneratorTest" time="1.321"/>
  <system-out><![CDATA[]]></system-out>
  <system-err><![CDATA[1월 07, 2025 10:44:19 오전 org.hibernate.jpa.internal.util.LogHelper logPersistenceUnitInformation
INFO: HHH000204: Processing PersistenceUnitInfo [name: jpatest]
1월 07, 2025 10:44:19 오전 org.hibernate.Version logVersion
INFO: HHH000412: Hibernate ORM core version 6.5.2.Final
1월 07, 2025 10:44:19 오전 org.hibernate.cache.internal.RegionFactoryInitiator initiateService
INFO: HHH000026: Second-level cache disabled
1월 07, 2025 10:44:19 오전 org.hibernate.engine.jdbc.connections.internal.DriverManagerConnectionProviderImpl configure
WARN: HHH10001002: Using built-in connection pool (not intended for production use)
1월 07, 2025 10:44:19 오전 org.hibernate.engine.jdbc.connections.internal.DriverManagerConnectionProviderImpl buildCreator
INFO: HHH10001005: Loaded JDBC driver class: com.mysql.cj.jdbc.Driver
1월 07, 2025 10:44:19 오전 org.hibernate.engine.jdbc.connections.internal.DriverManagerConnectionProviderImpl buildCreator
INFO: HHH10001012: Connecting with JDBC URL [jdbc:mysql://localhost:3306/menudb]
1월 07, 2025 10:44:19 오전 org.hibernate.engine.jdbc.connections.internal.DriverManagerConnectionProviderImpl buildCreator
INFO: HHH10001001: Connection properties: {password=****, user=ohgiraffers}
1월 07, 2025 10:44:19 오전 org.hibernate.engine.jdbc.connections.internal.DriverManagerConnectionProviderImpl buildCreator
INFO: HHH10001003: Autocommit mode: false
1월 07, 2025 10:44:19 오전 org.hibernate.engine.jdbc.connections.internal.DriverManagerConnectionProviderImpl$PooledConnections <init>
INFO: HHH10001115: Connection pool size: 20 (min=1)
1월 07, 2025 10:44:20 오전 org.hibernate.engine.transaction.jta.platform.internal.JtaPlatformInitiator initiateService
INFO: HHH000489: No JTA platform available (set 'hibernate.transaction.jta.platform' to enable JTA platform integration)
]]></system-err>
</testsuite>
