<?xml version="1.0" encoding="UTF-8"?>
<testsuite name="com.ohgiraffers.mappiong.section03.compositekey.idclass.IdClassTest" tests="4" skipped="0" failures="0" errors="0" timestamp="2025-01-08T10:45:01" hostname="DESKTOP-88G1EGM" time="0.676">
  <properties/>
  <testcase name="1번 회원이 1 번 책을 카트에 10452 권 담기" classname="com.ohgiraffers.mappiong.section03.compositekey.idclass.IdClassTest" time="0.639"/>
  <testcase name="1번 회원이 2 번 책을 카트에 5845 권 담기" classname="com.ohgiraffers.mappiong.section03.compositekey.idclass.IdClassTest" time="0.012"/>
  <testcase name="2번 회원이 1 번 책을 카트에 2545 권 담기" classname="com.ohgiraffers.mappiong.section03.compositekey.idclass.IdClassTest" time="0.009"/>
  <testcase name="2번 회원이 2 번 책을 카트에 15358 권 담기" classname="com.ohgiraffers.mappiong.section03.compositekey.idclass.IdClassTest" time="0.01"/>
  <system-out><![CDATA[19:44:57.516 [Test worker] INFO org.springframework.test.context.support.AnnotationConfigContextLoaderUtils -- Could not detect default configuration classes for test class [com.ohgiraffers.mappiong.section03.compositekey.idclass.IdClassTest]: IdClassTest does not declare any static, non-private, non-final, nested classes annotated with @Configuration.
19:44:57.714 [Test worker] INFO org.springframework.boot.test.context.SpringBootTestContextBootstrapper -- Found @SpringBootConfiguration com.ohgiraffers.mappiong.Chap02MappiongApplication for test class com.ohgiraffers.mappiong.section03.compositekey.idclass.IdClassTest

  .   ____          _            __ _ _
 /\\ / ___'_ __ _ _(_)_ __  __ _ \ \ \ \
( ( )\___ | '_ | '_| | '_ \/ _` | \ \ \ \
 \\/  ___)| |_)| | | | | || (_| |  ) ) ) )
  '  |____| .__|_| |_|_| |_\__, | / / / /
 =========|_|==============|___/=/_/_/_/

 :: Spring Boot ::                (v3.4.1)

2025-01-08T19:44:58.245+09:00  INFO 6940 --- [    Test worker] c.o.m.s.c.idclass.IdClassTest            : Starting IdClassTest using Java 17.0.12 with PID 6940 (started by USER in C:\Lecture\12_jpa\01_lecture-source\chap02-mappiong)
2025-01-08T19:44:58.247+09:00  INFO 6940 --- [    Test worker] c.o.m.s.c.idclass.IdClassTest            : No active profile set, falling back to 1 default profile: "default"
2025-01-08T19:44:58.722+09:00  INFO 6940 --- [    Test worker] .s.d.r.c.RepositoryConfigurationDelegate : Bootstrapping Spring Data JPA repositories in DEFAULT mode.
2025-01-08T19:44:58.751+09:00  INFO 6940 --- [    Test worker] .s.d.r.c.RepositoryConfigurationDelegate : Finished Spring Data repository scanning in 16 ms. Found 0 JPA repository interfaces.
2025-01-08T19:44:59.165+09:00  INFO 6940 --- [    Test worker] o.hibernate.jpa.internal.util.LogHelper  : HHH000204: Processing PersistenceUnitInfo [name: default]
2025-01-08T19:44:59.230+09:00  INFO 6940 --- [    Test worker] org.hibernate.Version                    : HHH000412: Hibernate ORM core version 6.6.4.Final
2025-01-08T19:44:59.271+09:00  INFO 6940 --- [    Test worker] o.h.c.internal.RegionFactoryInitiator    : HHH000026: Second-level cache disabled
2025-01-08T19:44:59.634+09:00  INFO 6940 --- [    Test worker] o.s.o.j.p.SpringPersistenceUnitInfo      : No LoadTimeWeaver setup: ignoring JPA class transformer
2025-01-08T19:44:59.662+09:00  INFO 6940 --- [    Test worker] com.zaxxer.hikari.HikariDataSource       : HikariPool-1 - Starting...
2025-01-08T19:45:00.059+09:00  INFO 6940 --- [    Test worker] com.zaxxer.hikari.pool.HikariPool        : HikariPool-1 - Added connection com.mysql.cj.jdbc.ConnectionImpl@69a73867
2025-01-08T19:45:00.062+09:00  INFO 6940 --- [    Test worker] com.zaxxer.hikari.HikariDataSource       : HikariPool-1 - Start completed.
2025-01-08T19:45:00.127+09:00  WARN 6940 --- [    Test worker] org.hibernate.orm.deprecation            : HHH90000025: MySQLDialect does not need to be specified explicitly using 'hibernate.dialect' (remove the property setting and it will be selected by default)
2025-01-08T19:45:00.158+09:00  INFO 6940 --- [    Test worker] org.hibernate.orm.connections.pooling    : HHH10001005: Database info:
	Database JDBC URL [Connecting through datasource 'HikariDataSource (HikariPool-1)']
	Database driver: undefined/unknown
	Database version: 8.0.33
	Autocommit mode: undefined/unknown
	Isolation level: undefined/unknown
	Minimum pool size: undefined/unknown
	Maximum pool size: undefined/unknown
2025-01-08T19:45:00.651+09:00  WARN 6940 --- [    Test worker] org.hibernate.mapping.RootClass          : HHH000038: Composite-id class does not override equals(): com.ohgiraffers.mappiong.section03.compositekey.embeddedid.LikedCompositkey
2025-01-08T19:45:00.651+09:00  WARN 6940 --- [    Test worker] org.hibernate.mapping.RootClass          : HHH000039: Composite-id class does not override hashCode(): com.ohgiraffers.mappiong.section03.compositekey.embeddedid.LikedCompositkey
2025-01-08T19:45:00.651+09:00  WARN 6940 --- [    Test worker] org.hibernate.mapping.RootClass          : HHH000038: Composite-id class does not override equals(): com.ohgiraffers.mappiong.section03.compositekey.idclass.CartCompositeKey
2025-01-08T19:45:00.651+09:00  WARN 6940 --- [    Test worker] org.hibernate.mapping.RootClass          : HHH000039: Composite-id class does not override hashCode(): com.ohgiraffers.mappiong.section03.compositekey.idclass.CartCompositeKey
2025-01-08T19:45:01.337+09:00  INFO 6940 --- [    Test worker] o.h.e.t.j.p.i.JtaPlatformInitiator       : HHH000489: No JTA platform available (set 'hibernate.transaction.jta.platform' to enable JTA platform integration)
Hibernate: 
    drop table if exists tbl_book
Hibernate: 
    drop table if exists tbl_book_seq
Hibernate: 
    drop table if exists tbl_cart
Hibernate: 
    drop table if exists tbl_like
Hibernate: 
    drop table if exists tbl_member
Hibernate: 
    create table tbl_book (
        book_no integer not null,
        created_date date,
        discount_rate float(53),
        regular_price integer,
        sell_price integer,
        author varchar(255),
        book_title varchar(255),
        pulisher varchar(255),
        primary key (book_no)
    ) engine=InnoDB
Hibernate: 
    create table tbl_book_seq (
        next_val bigint
    ) engine=InnoDB
Hibernate: 
    insert into tbl_book_seq values ( 1 )
Hibernate: 
    create table tbl_cart (
        added_book integer not null,
        cart_owner integer not null,
        quantity integer,
        primary key (added_book, cart_owner)
    ) engine=InnoDB
Hibernate: 
    create table tbl_like (
        liked_book_no integer not null,
        liked_member_no integer not null,
        primary key (liked_book_no, liked_member_no)
    ) engine=InnoDB
Hibernate: 
    create table tbl_member (
        member_no integer not null auto_increment,
        enroll_date datetime(6),
        address varchar(900),
        member_id varchar(10) not null,
        member_name varchar(255),
        member_pwd varchar(255) not null,
        phone varchar(255),
        status char(1) default 'Y',
        member_role enum ('ROLE_ADMIN','ROLE_MEMBER'),
        primary key (member_no)
    ) engine=InnoDB
Hibernate: 
    alter table tbl_member 
       add constraint UK35ypgkanb6sdhg3w2vm7a3hth unique (member_id)
Hibernate: 
    alter table tbl_member 
       add constraint UKpjk14ciouogycw4l00u28rjuo unique (phone)
2025-01-08T19:45:01.503+09:00  INFO 6940 --- [    Test worker] j.LocalContainerEntityManagerFactoryBean : Initialized JPA EntityManagerFactory for persistence unit 'default'
2025-01-08T19:45:01.792+09:00  INFO 6940 --- [    Test worker] c.o.m.s.c.idclass.IdClassTest            : Started IdClassTest in 3.882 seconds (process running for 5.23)
Hibernate: 
    insert 
    into
        tbl_cart
        (quantity, added_book, cart_owner) 
    values
        (?, ?, ?)
Hibernate: 
    insert 
    into
        tbl_cart
        (quantity, added_book, cart_owner) 
    values
        (?, ?, ?)
Hibernate: 
    insert 
    into
        tbl_cart
        (quantity, added_book, cart_owner) 
    values
        (?, ?, ?)
Hibernate: 
    insert 
    into
        tbl_cart
        (quantity, added_book, cart_owner) 
    values
        (?, ?, ?)
]]></system-out>
  <system-err><![CDATA[]]></system-err>
</testsuite>
