<?xml version="1.0" encoding="UTF-8"?>
<testsuite name="com.ohgiraffers.problem.ProblemEXTests" tests="1" skipped="0" failures="0" errors="0" timestamp="2025-01-06T10:54:38" hostname="DESKTOP-88G1EGM" time="0.26">
  <properties/>
  <testcase name="조회한 두 개의 행을 담은 객체의 동일성 비교" classname="com.ohgiraffers.problem.ProblemEXTests" time="0.26"/>
  <system-out><![CDATA[BeforeEach 동작하니?
480402503
100445376
AfterEach 동작하니?
]]></system-out>
  <system-err><![CDATA[]]></system-err>
</testsuite>
